<?xml version="1.0" encoding="UTF-8"?>
<coverage generated="1693817836791" clover="3.2.0">
  <project timestamp="1693817836791" name="All files">
    <metrics statements="143" coveredstatements="137" conditionals="75" coveredconditionals="60" methods="35" coveredmethods="30" elements="253" coveredelements="227" complexity="0" loc="143" ncloc="143" packages="11" files="18" classes="18"/>
    <package name="assets.images.food">
      <metrics statements="2" coveredstatements="2" conditionals="0" coveredconditionals="0" methods="0" coveredmethods="0"/>
      <file name="present.png" path="/Users/baophung/Documents/projects/wego/wego/src/assets/images/food/present.png">
        <metrics statements="1" coveredstatements="1" conditionals="0" coveredconditionals="0" methods="0" coveredmethods="0"/>
        <line num="1" count="2" type="stmt"/>
      </file>
      <file name="star.png" path="/Users/baophung/Documents/projects/wego/wego/src/assets/images/food/star.png">
        <metrics statements="1" coveredstatements="1" conditionals="0" coveredconditionals="0" methods="0" coveredmethods="0"/>
        <line num="1" count="2" type="stmt"/>
      </file>
    </package>
    <package name="components.Button">
      <metrics statements="4" coveredstatements="4" conditionals="7" coveredconditionals="5" methods="1" coveredmethods="1"/>
      <file name="index.tsx" path="/Users/baophung/Documents/projects/wego/wego/src/components/Button/index.tsx">
        <metrics statements="4" coveredstatements="4" conditionals="7" coveredconditionals="5" methods="1" coveredmethods="1"/>
        <line num="15" count="3" type="stmt"/>
        <line num="26" count="60" type="stmt"/>
        <line num="37" count="60" type="stmt"/>
        <line num="49" count="3" type="stmt"/>
      </file>
    </package>
    <package name="components.CardItem">
      <metrics statements="30" coveredstatements="30" conditionals="12" coveredconditionals="11" methods="6" coveredmethods="6"/>
      <file name="Card.tsx" path="/Users/baophung/Documents/projects/wego/wego/src/components/CardItem/Card.tsx">
        <metrics statements="5" coveredstatements="5" conditionals="2" coveredconditionals="2" methods="1" coveredmethods="1"/>
        <line num="2" count="2" type="stmt"/>
        <line num="12" count="2" type="stmt"/>
        <line num="18" count="17" type="stmt"/>
        <line num="22" count="17" type="stmt"/>
        <line num="29" count="2" type="stmt"/>
      </file>
      <file name="CardButton.tsx" path="/Users/baophung/Documents/projects/wego/wego/src/components/CardItem/CardButton.tsx">
        <metrics statements="5" coveredstatements="5" conditionals="2" coveredconditionals="2" methods="1" coveredmethods="1"/>
        <line num="2" count="2" type="stmt"/>
        <line num="11" count="2" type="stmt"/>
        <line num="16" count="17" type="stmt"/>
        <line num="20" count="17" type="stmt"/>
        <line num="27" count="2" type="stmt"/>
      </file>
      <file name="CardContent.tsx" path="/Users/baophung/Documents/projects/wego/wego/src/components/CardItem/CardContent.tsx">
        <metrics statements="5" coveredstatements="5" conditionals="2" coveredconditionals="2" methods="1" coveredmethods="1"/>
        <line num="2" count="2" type="stmt"/>
        <line num="11" count="2" type="stmt"/>
        <line num="16" count="17" type="stmt"/>
        <line num="20" count="17" type="stmt"/>
        <line num="27" count="2" type="stmt"/>
      </file>
      <file name="CardPromotion.tsx" path="/Users/baophung/Documents/projects/wego/wego/src/components/CardItem/CardPromotion.tsx">
        <metrics statements="5" coveredstatements="5" conditionals="2" coveredconditionals="1" methods="1" coveredmethods="1"/>
        <line num="2" count="2" type="stmt"/>
        <line num="11" count="2" type="stmt"/>
        <line num="16" count="17" type="stmt"/>
        <line num="20" count="17" type="stmt"/>
        <line num="27" count="2" type="stmt"/>
      </file>
      <file name="CardText.tsx" path="/Users/baophung/Documents/projects/wego/wego/src/components/CardItem/CardText.tsx">
        <metrics statements="5" coveredstatements="5" conditionals="2" coveredconditionals="2" methods="1" coveredmethods="1"/>
        <line num="2" count="2" type="stmt"/>
        <line num="11" count="2" type="cond" truecount="2" falsecount="0"/>
        <line num="12" count="17" type="stmt"/>
        <line num="16" count="17" type="stmt"/>
        <line num="23" count="2" type="stmt"/>
      </file>
      <file name="CardTitle.tsx" path="/Users/baophung/Documents/projects/wego/wego/src/components/CardItem/CardTitle.tsx">
        <metrics statements="5" coveredstatements="5" conditionals="2" coveredconditionals="2" methods="1" coveredmethods="1"/>
        <line num="2" count="2" type="stmt"/>
        <line num="11" count="2" type="stmt"/>
        <line num="16" count="17" type="stmt"/>
        <line num="21" count="17" type="stmt"/>
        <line num="28" count="2" type="stmt"/>
      </file>
    </package>
    <package name="components.Image">
      <metrics statements="21" coveredstatements="17" conditionals="12" coveredconditionals="11" methods="6" coveredmethods="3"/>
      <file name="index.tsx" path="/Users/baophung/Documents/projects/wego/wego/src/components/Image/index.tsx">
        <metrics statements="21" coveredstatements="17" conditionals="12" coveredconditionals="11" methods="6" coveredmethods="3"/>
        <line num="1" count="2" type="stmt"/>
        <line num="2" count="2" type="stmt"/>
        <line num="15" count="2" type="stmt"/>
        <line num="16" count="23" type="stmt"/>
        <line num="17" count="23" type="stmt"/>
        <line num="19" count="23" type="stmt"/>
        <line num="20" count="15" type="stmt"/>
        <line num="21" count="15" type="stmt"/>
        <line num="23" count="15" type="stmt"/>
        <line num="24" count="0" type="stmt"/>
        <line num="25" count="0" type="stmt"/>
        <line num="28" count="15" type="stmt"/>
        <line num="29" count="0" type="stmt"/>
        <line num="32" count="15" type="stmt"/>
        <line num="34" count="15" type="stmt"/>
        <line num="35" count="15" type="stmt"/>
        <line num="39" count="23" type="stmt"/>
        <line num="40" count="0" type="stmt"/>
        <line num="43" count="23" type="stmt"/>
        <line num="52" count="23" type="stmt"/>
        <line num="63" count="2" type="stmt"/>
      </file>
    </package>
    <package name="components.Notfound">
      <metrics statements="4" coveredstatements="3" conditionals="0" coveredconditionals="0" methods="1" coveredmethods="0"/>
      <file name="index.tsx" path="/Users/baophung/Documents/projects/wego/wego/src/components/Notfound/index.tsx">
        <metrics statements="4" coveredstatements="3" conditionals="0" coveredconditionals="0" methods="1" coveredmethods="0"/>
        <line num="2" count="1" type="stmt"/>
        <line num="10" count="1" type="stmt"/>
        <line num="11" count="0" type="stmt"/>
        <line num="19" count="1" type="stmt"/>
      </file>
    </package>
    <package name="features.Filter.components">
      <metrics statements="16" coveredstatements="16" conditionals="18" coveredconditionals="13" methods="5" coveredmethods="5"/>
      <file name="index.tsx" path="/Users/baophung/Documents/projects/wego/wego/src/features/Filter/components/index.tsx">
        <metrics statements="16" coveredstatements="16" conditionals="18" coveredconditionals="13" methods="5" coveredmethods="5"/>
        <line num="1" count="1" type="stmt"/>
        <line num="2" count="1" type="stmt"/>
        <line num="4" count="1" type="stmt"/>
        <line num="6" count="1" type="stmt"/>
        <line num="14" count="1" type="stmt"/>
        <line num="15" count="5" type="stmt"/>
        <line num="16" count="5" type="stmt"/>
        <line num="17" count="2" type="cond" truecount="2" falsecount="0"/>
        <line num="18" count="1" type="cond" truecount="3" falsecount="1"/>
        <line num="19" count="1" type="cond" truecount="3" falsecount="1"/>
        <line num="21" count="1" type="stmt"/>
        <line num="25" count="5" type="stmt"/>
        <line num="30" count="1" type="stmt"/>
        <line num="36" count="15" type="stmt"/>
        <line num="39" count="1" type="stmt"/>
        <line num="50" count="1" type="stmt"/>
      </file>
    </package>
    <package name="features.ListFood.Item">
      <metrics statements="26" coveredstatements="26" conditionals="10" coveredconditionals="10" methods="3" coveredmethods="3"/>
      <file name="index.tsx" path="/Users/baophung/Documents/projects/wego/wego/src/features/ListFood/Item/index.tsx">
        <metrics statements="26" coveredstatements="26" conditionals="10" coveredconditionals="10" methods="3" coveredmethods="3"/>
        <line num="1" count="2" type="stmt"/>
        <line num="2" count="2" type="stmt"/>
        <line num="4" count="2" type="stmt"/>
        <line num="5" count="2" type="stmt"/>
        <line num="6" count="2" type="stmt"/>
        <line num="7" count="2" type="stmt"/>
        <line num="8" count="2" type="stmt"/>
        <line num="9" count="2" type="stmt"/>
        <line num="10" count="2" type="stmt"/>
        <line num="11" count="2" type="stmt"/>
        <line num="12" count="2" type="stmt"/>
        <line num="19" count="2" type="stmt"/>
        <line num="20" count="17" type="stmt"/>
        <line num="21" count="17" type="cond" truecount="4" falsecount="0"/>
        <line num="23" count="6" type="stmt"/>
        <line num="25" count="1" type="stmt"/>
        <line num="27" count="5" type="stmt"/>
        <line num="29" count="5" type="stmt"/>
        <line num="33" count="17" type="stmt"/>
        <line num="34" count="17" type="cond" truecount="4" falsecount="0"/>
        <line num="36" count="6" type="stmt"/>
        <line num="38" count="1" type="stmt"/>
        <line num="40" count="5" type="stmt"/>
        <line num="42" count="5" type="stmt"/>
        <line num="46" count="17" type="stmt"/>
        <line num="71" count="2" type="stmt"/>
      </file>
    </package>
    <package name="features.ListFood.ItemsGrid">
      <metrics statements="15" coveredstatements="15" conditionals="11" coveredconditionals="9" methods="7" coveredmethods="7"/>
      <file name="index.tsx" path="/Users/baophung/Documents/projects/wego/wego/src/features/ListFood/ItemsGrid/index.tsx">
        <metrics statements="15" coveredstatements="15" conditionals="11" coveredconditionals="9" methods="7" coveredmethods="7"/>
        <line num="1" count="1" type="stmt"/>
        <line num="2" count="1" type="stmt"/>
        <line num="3" count="1" type="stmt"/>
        <line num="5" count="1" type="stmt"/>
        <line num="6" count="1" type="stmt"/>
        <line num="15" count="3" type="stmt"/>
        <line num="16" count="4" type="stmt"/>
        <line num="17" count="4" type="stmt"/>
        <line num="22" count="3" type="stmt"/>
        <line num="23" count="1" type="stmt"/>
        <line num="29" count="3" type="stmt"/>
        <line num="30" count="1" type="stmt"/>
        <line num="33" count="3" type="stmt"/>
        <line num="39" count="18" type="stmt"/>
        <line num="55" count="1" type="stmt"/>
      </file>
    </package>
    <package name="features.Search.components">
      <metrics statements="12" coveredstatements="12" conditionals="4" coveredconditionals="1" methods="3" coveredmethods="3"/>
      <file name="index.tsx" path="/Users/baophung/Documents/projects/wego/wego/src/features/Search/components/index.tsx">
        <metrics statements="12" coveredstatements="12" conditionals="4" coveredconditionals="1" methods="3" coveredmethods="3"/>
        <line num="1" count="1" type="stmt"/>
        <line num="2" count="1" type="stmt"/>
        <line num="10" count="1" type="stmt"/>
        <line num="11" count="2" type="stmt"/>
        <line num="13" count="2" type="stmt"/>
        <line num="14" count="1" type="stmt"/>
        <line num="15" count="1" type="stmt"/>
        <line num="16" count="1" type="stmt"/>
        <line num="19" count="2" type="stmt"/>
        <line num="20" count="2" type="stmt"/>
        <line num="24" count="2" type="stmt"/>
        <line num="36" count="1" type="stmt"/>
      </file>
    </package>
    <package name="hooks">
      <metrics statements="3" coveredstatements="3" conditionals="1" coveredconditionals="0" methods="1" coveredmethods="1"/>
      <file name="useNormalizedRating.ts" path="/Users/baophung/Documents/projects/wego/wego/src/hooks/useNormalizedRating.ts">
        <metrics statements="3" coveredstatements="3" conditionals="1" coveredconditionals="0" methods="1" coveredmethods="1"/>
        <line num="2" count="17" type="stmt"/>
        <line num="3" count="17" type="stmt"/>
        <line num="6" count="2" type="stmt"/>
      </file>
    </package>
    <package name="stores">
      <metrics statements="10" coveredstatements="9" conditionals="0" coveredconditionals="0" methods="2" coveredmethods="1"/>
      <file name="index.ts" path="/Users/baophung/Documents/projects/wego/wego/src/stores/index.ts">
        <metrics statements="4" coveredstatements="4" conditionals="0" coveredconditionals="0" methods="0" coveredmethods="0"/>
        <line num="2" count="2" type="stmt"/>
        <line num="3" count="2" type="stmt"/>
        <line num="5" count="2" type="stmt"/>
        <line num="14" count="2" type="stmt"/>
      </file>
      <file name="searchSlice.ts" path="/Users/baophung/Documents/projects/wego/wego/src/stores/searchSlice.ts">
        <metrics statements="6" coveredstatements="5" conditionals="0" coveredconditionals="0" methods="2" coveredmethods="1"/>
        <line num="1" count="2" type="stmt"/>
        <line num="3" count="2" type="stmt"/>
        <line num="11" count="0" type="stmt"/>
        <line num="14" count="1" type="stmt"/>
        <line num="19" count="2" type="stmt"/>
        <line num="20" count="2" type="stmt"/>
      </file>
    </package>
  </project>
</coverage>
