{"/Users/baophung/Documents/projects/wego/wego/src/assets/images/food/present.png": {"path":"/Users/baophung/Documents/projects/wego/wego/src/assets/images/food/present.png","statementMap":{"0":{"start":{"line":1,"column":0},"end":{"line":1,"column":31}}},"fnMap":{},"branchMap":{},"s":{"0":2},"f":{},"b":{},"_coverageSchema":"1a1c01bbd47fc00a2c39e90264f33305004495a9","hash":"abe4d4d5a4d273159b0121ff6d619f5f820c432c"}
,"/Users/baophung/Documents/projects/wego/wego/src/assets/images/food/star.png": {"path":"/Users/baophung/Documents/projects/wego/wego/src/assets/images/food/star.png","statementMap":{"0":{"start":{"line":1,"column":0},"end":{"line":1,"column":28}}},"fnMap":{},"branchMap":{},"s":{"0":2},"f":{},"b":{},"_coverageSchema":"1a1c01bbd47fc00a2c39e90264f33305004495a9","hash":"8be0183b5f2839efdc406d72f6e50af548fdd9a6"}
,"/Users/baophung/Documents/projects/wego/wego/src/components/Button/index.tsx": {"path":"/Users/baophung/Documents/projects/wego/wego/src/components/Button/index.tsx","statementMap":{"0":{"start":{"line":15,"column":38},"end":{"line":47,"column":1}},"1":{"start":{"line":26,"column":43},"end":{"line":35,"column":null}},"2":{"start":{"line":37,"column":2},"end":{"line":46,"column":null}},"3":{"start":{"line":49,"column":0},"end":{"line":49,"column":null}}},"fnMap":{"0":{"name":"(anonymous_0)","decl":{"start":{"line":15,"column":38},"end":{"line":15,"column":39}},"loc":{"start":{"line":25,"column":5},"end":{"line":47,"column":1}}}},"branchMap":{"0":{"loc":{"start":{"line":16,"column":2},"end":{"line":16,"column":16}},"type":"default-arg","locations":[{"start":{"line":16,"column":10},"end":{"line":16,"column":16}}]},"1":{"loc":{"start":{"line":17,"column":2},"end":{"line":17,"column":17}},"type":"default-arg","locations":[{"start":{"line":17,"column":11},"end":{"line":17,"column":17}}]},"2":{"loc":{"start":{"line":18,"column":2},"end":{"line":18,"column":33}},"type":"default-arg","locations":[{"start":{"line":18,"column":20},"end":{"line":18,"column":33}}]},"3":{"loc":{"start":{"line":39,"column":7},"end":{"line":42,"column":null}},"type":"cond-expr","locations":[{"start":{"line":40,"column":8},"end":{"line":40,"column":54}},{"start":{"line":42,"column":8},"end":{"line":42,"column":52}}]},"4":{"loc":{"start":{"line":42,"column":8},"end":{"line":42,"column":52}},"type":"binary-expr","locations":[{"start":{"line":42,"column":8},"end":{"line":42,"column":12}},{"start":{"line":42,"column":16},"end":{"line":42,"column":52}}]}},"s":{"0":3,"1":60,"2":60,"3":3},"f":{"0":60},"b":{"0":[60],"1":[60],"2":[20],"3":[0,60],"4":[60,0]}}
,"/Users/baophung/Documents/projects/wego/wego/src/components/CardItem/Card.tsx": {"path":"/Users/baophung/Documents/projects/wego/wego/src/components/CardItem/Card.tsx","statementMap":{"0":{"start":{"line":2,"column":0},"end":{"line":2,"column":24}},"1":{"start":{"line":12,"column":34},"end":{"line":27,"column":1}},"2":{"start":{"line":18,"column":41},"end":{"line":20,"column":null}},"3":{"start":{"line":22,"column":2},"end":{"line":26,"column":null}},"4":{"start":{"line":29,"column":0},"end":{"line":29,"column":null}}},"fnMap":{"0":{"name":"(anonymous_0)","decl":{"start":{"line":12,"column":34},"end":{"line":12,"column":35}},"loc":{"start":{"line":17,"column":5},"end":{"line":27,"column":1}}}},"branchMap":{"0":{"loc":{"start":{"line":14,"column":2},"end":{"line":14,"column":33}},"type":"default-arg","locations":[{"start":{"line":14,"column":20},"end":{"line":14,"column":33}}]},"1":{"loc":{"start":{"line":16,"column":2},"end":{"line":16,"column":20}},"type":"default-arg","locations":[{"start":{"line":16,"column":14},"end":{"line":16,"column":20}}]}},"s":{"0":2,"1":2,"2":17,"3":17,"4":2},"f":{"0":17},"b":{"0":[17],"1":[17]}}
,"/Users/baophung/Documents/projects/wego/wego/src/components/CardItem/CardButton.tsx": {"path":"/Users/baophung/Documents/projects/wego/wego/src/components/CardItem/CardButton.tsx","statementMap":{"0":{"start":{"line":2,"column":0},"end":{"line":2,"column":24}},"1":{"start":{"line":11,"column":46},"end":{"line":25,"column":1}},"2":{"start":{"line":16,"column":47},"end":{"line":18,"column":null}},"3":{"start":{"line":20,"column":2},"end":{"line":24,"column":null}},"4":{"start":{"line":27,"column":0},"end":{"line":27,"column":null}}},"fnMap":{"0":{"name":"(anonymous_0)","decl":{"start":{"line":11,"column":46},"end":{"line":11,"column":47}},"loc":{"start":{"line":15,"column":5},"end":{"line":25,"column":1}}}},"branchMap":{"0":{"loc":{"start":{"line":12,"column":2},"end":{"line":12,"column":33}},"type":"default-arg","locations":[{"start":{"line":12,"column":20},"end":{"line":12,"column":33}}]},"1":{"loc":{"start":{"line":14,"column":2},"end":{"line":14,"column":29}},"type":"default-arg","locations":[{"start":{"line":14,"column":14},"end":{"line":14,"column":29}}]}},"s":{"0":2,"1":2,"2":17,"3":17,"4":2},"f":{"0":17},"b":{"0":[17],"1":[17]}}
,"/Users/baophung/Documents/projects/wego/wego/src/components/CardItem/CardContent.tsx": {"path":"/Users/baophung/Documents/projects/wego/wego/src/components/CardItem/CardContent.tsx","statementMap":{"0":{"start":{"line":2,"column":0},"end":{"line":2,"column":24}},"1":{"start":{"line":11,"column":48},"end":{"line":25,"column":1}},"2":{"start":{"line":16,"column":48},"end":{"line":18,"column":null}},"3":{"start":{"line":20,"column":2},"end":{"line":24,"column":null}},"4":{"start":{"line":27,"column":0},"end":{"line":27,"column":null}}},"fnMap":{"0":{"name":"(anonymous_0)","decl":{"start":{"line":11,"column":48},"end":{"line":11,"column":49}},"loc":{"start":{"line":15,"column":5},"end":{"line":25,"column":1}}}},"branchMap":{"0":{"loc":{"start":{"line":12,"column":2},"end":{"line":12,"column":33}},"type":"default-arg","locations":[{"start":{"line":12,"column":20},"end":{"line":12,"column":33}}]},"1":{"loc":{"start":{"line":14,"column":2},"end":{"line":14,"column":29}},"type":"default-arg","locations":[{"start":{"line":14,"column":14},"end":{"line":14,"column":29}}]}},"s":{"0":2,"1":2,"2":17,"3":17,"4":2},"f":{"0":17},"b":{"0":[17],"1":[17]}}
,"/Users/baophung/Documents/projects/wego/wego/src/components/CardItem/CardPromotion.tsx": {"path":"/Users/baophung/Documents/projects/wego/wego/src/components/CardItem/CardPromotion.tsx","statementMap":{"0":{"start":{"line":2,"column":0},"end":{"line":2,"column":24}},"1":{"start":{"line":11,"column":52},"end":{"line":25,"column":1}},"2":{"start":{"line":16,"column":50},"end":{"line":18,"column":null}},"3":{"start":{"line":20,"column":2},"end":{"line":24,"column":null}},"4":{"start":{"line":27,"column":0},"end":{"line":27,"column":null}}},"fnMap":{"0":{"name":"(anonymous_0)","decl":{"start":{"line":11,"column":52},"end":{"line":11,"column":53}},"loc":{"start":{"line":15,"column":5},"end":{"line":25,"column":1}}}},"branchMap":{"0":{"loc":{"start":{"line":12,"column":2},"end":{"line":12,"column":33}},"type":"default-arg","locations":[{"start":{"line":12,"column":20},"end":{"line":12,"column":33}}]},"1":{"loc":{"start":{"line":14,"column":2},"end":{"line":14,"column":31}},"type":"default-arg","locations":[{"start":{"line":14,"column":14},"end":{"line":14,"column":31}}]}},"s":{"0":2,"1":2,"2":17,"3":17,"4":2},"f":{"0":17},"b":{"0":[0],"1":[17]}}
,"/Users/baophung/Documents/projects/wego/wego/src/components/CardItem/CardText.tsx": {"path":"/Users/baophung/Documents/projects/wego/wego/src/components/CardItem/CardText.tsx","statementMap":{"0":{"start":{"line":2,"column":0},"end":{"line":2,"column":24}},"1":{"start":{"line":11,"column":42},"end":{"line":21,"column":1}},"2":{"start":{"line":12,"column":45},"end":{"line":14,"column":null}},"3":{"start":{"line":16,"column":2},"end":{"line":20,"column":null}},"4":{"start":{"line":23,"column":0},"end":{"line":23,"column":null}}},"fnMap":{"0":{"name":"(anonymous_0)","decl":{"start":{"line":11,"column":42},"end":{"line":11,"column":43}},"loc":{"start":{"line":11,"column":118},"end":{"line":21,"column":1}}}},"branchMap":{"0":{"loc":{"start":{"line":11,"column":45},"end":{"line":11,"column":76}},"type":"default-arg","locations":[{"start":{"line":11,"column":63},"end":{"line":11,"column":76}}]},"1":{"loc":{"start":{"line":11,"column":88},"end":{"line":11,"column":112}},"type":"default-arg","locations":[{"start":{"line":11,"column":100},"end":{"line":11,"column":112}}]}},"s":{"0":2,"1":2,"2":17,"3":17,"4":2},"f":{"0":17},"b":{"0":[17],"1":[17]}}
,"/Users/baophung/Documents/projects/wego/wego/src/components/CardItem/CardTitle.tsx": {"path":"/Users/baophung/Documents/projects/wego/wego/src/components/CardItem/CardTitle.tsx","statementMap":{"0":{"start":{"line":2,"column":0},"end":{"line":2,"column":24}},"1":{"start":{"line":11,"column":44},"end":{"line":26,"column":1}},"2":{"start":{"line":16,"column":46},"end":{"line":19,"column":null}},"3":{"start":{"line":21,"column":2},"end":{"line":25,"column":null}},"4":{"start":{"line":28,"column":0},"end":{"line":28,"column":null}}},"fnMap":{"0":{"name":"(anonymous_0)","decl":{"start":{"line":11,"column":44},"end":{"line":11,"column":45}},"loc":{"start":{"line":15,"column":5},"end":{"line":26,"column":1}}}},"branchMap":{"0":{"loc":{"start":{"line":12,"column":2},"end":{"line":12,"column":33}},"type":"default-arg","locations":[{"start":{"line":12,"column":20},"end":{"line":12,"column":33}}]},"1":{"loc":{"start":{"line":14,"column":2},"end":{"line":14,"column":27}},"type":"default-arg","locations":[{"start":{"line":14,"column":14},"end":{"line":14,"column":27}}]}},"s":{"0":2,"1":2,"2":17,"3":17,"4":2},"f":{"0":17},"b":{"0":[17],"1":[17]}}
,"/Users/baophung/Documents/projects/wego/wego/src/components/Image/index.tsx": {"path":"/Users/baophung/Documents/projects/wego/wego/src/components/Image/index.tsx","statementMap":{"0":{"start":{"line":1,"column":0},"end":{"line":1,"column":50}},"1":{"start":{"line":2,"column":0},"end":{"line":2,"column":21}},"2":{"start":{"line":15,"column":42},"end":{"line":61,"column":1}},"3":{"start":{"line":16,"column":34},"end":{"line":16,"column":46}},"4":{"start":{"line":17,"column":36},"end":{"line":17,"column":50}},"5":{"start":{"line":19,"column":2},"end":{"line":37,"column":null}},"6":{"start":{"line":20,"column":18},"end":{"line":20,"column":29}},"7":{"start":{"line":21,"column":4},"end":{"line":21,"column":null}},"8":{"start":{"line":23,"column":4},"end":{"line":26,"column":null}},"9":{"start":{"line":24,"column":6},"end":{"line":24,"column":null}},"10":{"start":{"line":25,"column":6},"end":{"line":25,"column":null}},"11":{"start":{"line":28,"column":4},"end":{"line":30,"column":null}},"12":{"start":{"line":29,"column":6},"end":{"line":29,"column":null}},"13":{"start":{"line":32,"column":4},"end":{"line":36,"column":null}},"14":{"start":{"line":34,"column":6},"end":{"line":34,"column":null}},"15":{"start":{"line":35,"column":6},"end":{"line":35,"column":null}},"16":{"start":{"line":39,"column":22},"end":{"line":41,"column":3}},"17":{"start":{"line":40,"column":4},"end":{"line":40,"column":null}},"18":{"start":{"line":43,"column":42},"end":{"line":50,"column":null}},"19":{"start":{"line":52,"column":2},"end":{"line":60,"column":null}},"20":{"start":{"line":63,"column":0},"end":{"line":63,"column":null}}},"fnMap":{"0":{"name":"(anonymous_0)","decl":{"start":{"line":15,"column":42},"end":{"line":15,"column":43}},"loc":{"start":{"line":15,"column":118},"end":{"line":61,"column":1}}},"1":{"name":"(anonymous_1)","decl":{"start":{"line":19,"column":12},"end":{"line":19,"column":15}},"loc":{"start":{"line":19,"column":17},"end":{"line":37,"column":3}}},"2":{"name":"(anonymous_2)","decl":{"start":{"line":23,"column":19},"end":{"line":23,"column":22}},"loc":{"start":{"line":23,"column":24},"end":{"line":26,"column":5}}},"3":{"name":"(anonymous_3)","decl":{"start":{"line":28,"column":20},"end":{"line":28,"column":23}},"loc":{"start":{"line":28,"column":25},"end":{"line":30,"column":5}}},"4":{"name":"(anonymous_4)","decl":{"start":{"line":32,"column":11},"end":{"line":32,"column":14}},"loc":{"start":{"line":32,"column":16},"end":{"line":36,"column":5}}},"5":{"name":"(anonymous_5)","decl":{"start":{"line":39,"column":22},"end":{"line":39,"column":25}},"loc":{"start":{"line":39,"column":27},"end":{"line":41,"column":3}}}},"branchMap":{"0":{"loc":{"start":{"line":44,"column":11},"end":{"line":44,"column":26}},"type":"binary-expr","locations":[{"start":{"line":44,"column":11},"end":{"line":44,"column":16}},{"start":{"line":44,"column":20},"end":{"line":44,"column":26}}]},"1":{"loc":{"start":{"line":45,"column":12},"end":{"line":45,"column":28}},"type":"binary-expr","locations":[{"start":{"line":45,"column":12},"end":{"line":45,"column":18}},{"start":{"line":45,"column":22},"end":{"line":45,"column":28}}]},"2":{"loc":{"start":{"line":46,"column":12},"end":{"line":46,"column":28}},"type":"binary-expr","locations":[{"start":{"line":46,"column":12},"end":{"line":46,"column":18}},{"start":{"line":46,"column":22},"end":{"line":46,"column":28}}]},"3":{"loc":{"start":{"line":47,"column":18},"end":{"line":47,"column":37}},"type":"binary-expr","locations":[{"start":{"line":47,"column":18},"end":{"line":47,"column":30}},{"start":{"line":47,"column":34},"end":{"line":47,"column":37}}]},"4":{"loc":{"start":{"line":48,"column":15},"end":{"line":48,"column":34}},"type":"binary-expr","locations":[{"start":{"line":48,"column":15},"end":{"line":48,"column":24}},{"start":{"line":48,"column":28},"end":{"line":48,"column":34}}]},"5":{"loc":{"start":{"line":54,"column":7},"end":{"line":57,"column":null}},"type":"cond-expr","locations":[{"start":{"line":55,"column":8},"end":{"line":55,"column":40}},{"start":{"line":57,"column":8},"end":{"line":57,"column":81}}]}},"s":{"0":2,"1":2,"2":2,"3":23,"4":23,"5":23,"6":15,"7":15,"8":15,"9":0,"10":0,"11":15,"12":0,"13":15,"14":15,"15":15,"16":23,"17":0,"18":23,"19":23,"20":2},"f":{"0":23,"1":15,"2":0,"3":0,"4":15,"5":0},"b":{"0":[23,23],"1":[23,23],"2":[23,23],"3":[23,23],"4":[23,23],"5":[23,0]}}
,"/Users/baophung/Documents/projects/wego/wego/src/components/Notfound/index.tsx": {"path":"/Users/baophung/Documents/projects/wego/wego/src/components/Notfound/index.tsx","statementMap":{"0":{"start":{"line":2,"column":0},"end":{"line":2,"column":24}},"1":{"start":{"line":10,"column":42},"end":{"line":17,"column":1}},"2":{"start":{"line":11,"column":2},"end":{"line":16,"column":null}},"3":{"start":{"line":19,"column":0},"end":{"line":19,"column":null}}},"fnMap":{"0":{"name":"(anonymous_0)","decl":{"start":{"line":10,"column":42},"end":{"line":10,"column":43}},"loc":{"start":{"line":10,"column":75},"end":{"line":17,"column":1}}}},"branchMap":{},"s":{"0":1,"1":1,"2":0,"3":1},"f":{"0":0},"b":{}}
,"/Users/baophung/Documents/projects/wego/wego/src/features/Filter/components/index.tsx": {"path":"/Users/baophung/Documents/projects/wego/wego/src/features/Filter/components/index.tsx","statementMap":{"0":{"start":{"line":1,"column":0},"end":{"line":1,"column":39}},"1":{"start":{"line":2,"column":0},"end":{"line":2,"column":53}},"2":{"start":{"line":4,"column":0},"end":{"line":4,"column":41}},"3":{"start":{"line":6,"column":0},"end":{"line":6,"column":22}},"4":{"start":{"line":14,"column":38},"end":{"line":48,"column":1}},"5":{"start":{"line":15,"column":19},"end":{"line":15,"column":32}},"6":{"start":{"line":16,"column":31},"end":{"line":23,"column":3}},"7":{"start":{"line":17,"column":4},"end":{"line":22,"column":null}},"8":{"start":{"line":18,"column":6},"end":{"line":18,"column":null}},"9":{"start":{"line":19,"column":6},"end":{"line":19,"column":null}},"10":{"start":{"line":21,"column":6},"end":{"line":21,"column":null}},"11":{"start":{"line":25,"column":2},"end":{"line":47,"column":null}},"12":{"start":{"line":30,"column":25},"end":{"line":30,"column":51}},"13":{"start":{"line":36,"column":10},"end":{"line":37,"column":null}},"14":{"start":{"line":39,"column":27},"end":{"line":39,"column":53}},"15":{"start":{"line":50,"column":0},"end":{"line":50,"column":null}}},"fnMap":{"0":{"name":"(anonymous_0)","decl":{"start":{"line":14,"column":38},"end":{"line":14,"column":39}},"loc":{"start":{"line":14,"column":90},"end":{"line":48,"column":1}}},"1":{"name":"(anonymous_1)","decl":{"start":{"line":16,"column":31},"end":{"line":16,"column":32}},"loc":{"start":{"line":16,"column":61},"end":{"line":23,"column":3}}},"2":{"name":"(anonymous_2)","decl":{"start":{"line":30,"column":19},"end":{"line":30,"column":22}},"loc":{"start":{"line":30,"column":25},"end":{"line":30,"column":51}}},"3":{"name":"(anonymous_3)","decl":{"start":{"line":35,"column":20},"end":{"line":35,"column":21}},"loc":{"start":{"line":36,"column":10},"end":{"line":37,"column":null}}},"4":{"name":"(anonymous_4)","decl":{"start":{"line":39,"column":21},"end":{"line":39,"column":24}},"loc":{"start":{"line":39,"column":27},"end":{"line":39,"column":53}}}},"branchMap":{"0":{"loc":{"start":{"line":17,"column":4},"end":{"line":22,"column":null}},"type":"if","locations":[{"start":{"line":17,"column":4},"end":{"line":22,"column":null}},{"start":{"line":20,"column":11},"end":{"line":22,"column":null}}]},"1":{"loc":{"start":{"line":18,"column":23},"end":{"line":18,"column":35}},"type":"cond-expr","locations":[{"start":{"line":18,"column":31},"end":{"line":18,"column":33}},{"start":{"line":18,"column":23},"end":{"line":18,"column":35}}]},"2":{"loc":{"start":{"line":18,"column":23},"end":{"line":18,"column":33}},"type":"binary-expr","locations":[{"start":{"line":18,"column":23},"end":{"line":18,"column":33}},{"start":{"line":18,"column":23},"end":{"line":18,"column":33}}]},"3":{"loc":{"start":{"line":19,"column":31},"end":{"line":19,"column":45}},"type":"cond-expr","locations":[{"start":{"line":19,"column":39},"end":{"line":19,"column":41}},{"start":{"line":19,"column":31},"end":{"line":19,"column":45}}]},"4":{"loc":{"start":{"line":19,"column":31},"end":{"line":19,"column":41}},"type":"binary-expr","locations":[{"start":{"line":19,"column":31},"end":{"line":19,"column":41}},{"start":{"line":19,"column":31},"end":{"line":19,"column":41}}]},"5":{"loc":{"start":{"line":29,"column":24},"end":{"line":29,"column":83}},"type":"cond-expr","locations":[{"start":{"line":29,"column":54},"end":{"line":29,"column":78}},{"start":{"line":29,"column":81},"end":{"line":29,"column":83}}]},"6":{"loc":{"start":{"line":35,"column":9},"end":{"line":44,"column":10}},"type":"cond-expr","locations":[{"start":{"line":35,"column":14},"end":{"line":35,"column":16}},{"start":{"line":35,"column":9},"end":{"line":44,"column":10}}]},"7":{"loc":{"start":{"line":35,"column":9},"end":{"line":35,"column":16}},"type":"binary-expr","locations":[{"start":{"line":35,"column":9},"end":{"line":35,"column":16}},{"start":{"line":35,"column":9},"end":{"line":35,"column":16}}]},"8":{"loc":{"start":{"line":38,"column":26},"end":{"line":38,"column":88}},"type":"cond-expr","locations":[{"start":{"line":38,"column":59},"end":{"line":38,"column":83}},{"start":{"line":38,"column":86},"end":{"line":38,"column":88}}]}},"s":{"0":1,"1":1,"2":1,"3":1,"4":1,"5":5,"6":5,"7":2,"8":1,"9":1,"10":1,"11":5,"12":1,"13":15,"14":1,"15":1},"f":{"0":5,"1":2,"2":1,"3":15,"4":1},"b":{"0":[1,1],"1":[0,1],"2":[1,1],"3":[0,1],"4":[1,1],"5":[5,0],"6":[0,5],"7":[5,5],"8":[0,15]}}
,"/Users/baophung/Documents/projects/wego/wego/src/features/ListFood/Item/index.tsx": {"path":"/Users/baophung/Documents/projects/wego/wego/src/features/ListFood/Item/index.tsx","statementMap":{"0":{"start":{"line":1,"column":0},"end":{"line":1,"column":39}},"1":{"start":{"line":2,"column":0},"end":{"line":2,"column":43}},"2":{"start":{"line":4,"column":0},"end":{"line":4,"column":57}},"3":{"start":{"line":5,"column":0},"end":{"line":5,"column":51}},"4":{"start":{"line":6,"column":0},"end":{"line":6,"column":60}},"5":{"start":{"line":7,"column":0},"end":{"line":7,"column":44}},"6":{"start":{"line":8,"column":0},"end":{"line":8,"column":58}},"7":{"start":{"line":9,"column":0},"end":{"line":9,"column":62}},"8":{"start":{"line":10,"column":0},"end":{"line":10,"column":52}},"9":{"start":{"line":11,"column":0},"end":{"line":11,"column":54}},"10":{"start":{"line":12,"column":0},"end":{"line":12,"column":56}},"11":{"start":{"line":19,"column":34},"end":{"line":70,"column":1}},"12":{"start":{"line":20,"column":23},"end":{"line":31,"column":3}},"13":{"start":{"line":21,"column":4},"end":{"line":30,"column":null}},"14":{"start":{"line":23,"column":8},"end":{"line":23,"column":83}},"15":{"start":{"line":25,"column":8},"end":{"line":25,"column":null}},"16":{"start":{"line":27,"column":8},"end":{"line":27,"column":26}},"17":{"start":{"line":29,"column":8},"end":{"line":29,"column":20}},"18":{"start":{"line":33,"column":33},"end":{"line":44,"column":3}},"19":{"start":{"line":34,"column":4},"end":{"line":43,"column":null}},"20":{"start":{"line":36,"column":8},"end":{"line":36,"column":null}},"21":{"start":{"line":38,"column":8},"end":{"line":38,"column":25}},"22":{"start":{"line":40,"column":8},"end":{"line":40,"column":25}},"23":{"start":{"line":42,"column":8},"end":{"line":42,"column":null}},"24":{"start":{"line":46,"column":2},"end":{"line":69,"column":null}},"25":{"start":{"line":71,"column":0},"end":{"line":71,"column":null}}},"fnMap":{"0":{"name":"(anonymous_0)","decl":{"start":{"line":19,"column":34},"end":{"line":19,"column":35}},"loc":{"start":{"line":19,"column":62},"end":{"line":70,"column":1}}},"1":{"name":"(anonymous_1)","decl":{"start":{"line":20,"column":23},"end":{"line":20,"column":26}},"loc":{"start":{"line":20,"column":28},"end":{"line":31,"column":3}}},"2":{"name":"(anonymous_2)","decl":{"start":{"line":33,"column":33},"end":{"line":33,"column":36}},"loc":{"start":{"line":33,"column":38},"end":{"line":44,"column":3}}}},"branchMap":{"0":{"loc":{"start":{"line":21,"column":4},"end":{"line":30,"column":null}},"type":"switch","locations":[{"start":{"line":22,"column":6},"end":{"line":23,"column":83}},{"start":{"line":24,"column":6},"end":{"line":25,"column":null}},{"start":{"line":26,"column":6},"end":{"line":27,"column":26}},{"start":{"line":28,"column":6},"end":{"line":29,"column":20}}]},"1":{"loc":{"start":{"line":34,"column":4},"end":{"line":43,"column":null}},"type":"switch","locations":[{"start":{"line":35,"column":6},"end":{"line":36,"column":null}},{"start":{"line":37,"column":6},"end":{"line":38,"column":25}},{"start":{"line":39,"column":6},"end":{"line":40,"column":25}},{"start":{"line":41,"column":6},"end":{"line":42,"column":null}}]},"2":{"loc":{"start":{"line":60,"column":13},"end":{"line":64,"column":20}},"type":"cond-expr","locations":[{"start":{"line":61,"column":14},"end":{"line":61,"column":null}},{"start":{"line":64,"column":16},"end":{"line":64,"column":20}}]}},"s":{"0":2,"1":2,"2":2,"3":2,"4":2,"5":2,"6":2,"7":2,"8":2,"9":2,"10":2,"11":2,"12":17,"13":17,"14":6,"15":1,"16":5,"17":5,"18":17,"19":17,"20":6,"21":1,"22":5,"23":5,"24":17,"25":2},"f":{"0":17,"1":17,"2":17},"b":{"0":[6,1,5,5],"1":[6,1,5,5],"2":[6,11]}}
,"/Users/baophung/Documents/projects/wego/wego/src/features/ListFood/ItemsGrid/index.tsx": {"path":"/Users/baophung/Documents/projects/wego/wego/src/features/ListFood/ItemsGrid/index.tsx","statementMap":{"0":{"start":{"line":1,"column":0},"end":{"line":1,"column":43}},"1":{"start":{"line":2,"column":0},"end":{"line":2,"column":50}},"2":{"start":{"line":3,"column":0},"end":{"line":3,"column":41}},"3":{"start":{"line":5,"column":0},"end":{"line":5,"column":26}},"4":{"start":{"line":6,"column":0},"end":{"line":6,"column":24}},"5":{"start":{"line":15,"column":42},"end":{"line":15,"column":61}},"6":{"start":{"line":16,"column":21},"end":{"line":16,"column":79}},"7":{"start":{"line":16,"column":55},"end":{"line":16,"column":78}},"8":{"start":{"line":17,"column":23},"end":{"line":17,"column":83}},"9":{"start":{"line":17,"column":57},"end":{"line":17,"column":82}},"10":{"start":{"line":22,"column":19},"end":{"line":24,"column":3}},"11":{"start":{"line":23,"column":4},"end":{"line":23,"column":null}},"12":{"start":{"line":23,"column":42},"end":{"line":23,"column":62}},"13":{"start":{"line":29,"column":2},"end":{"line":31,"column":null}},"14":{"start":{"line":30,"column":4},"end":{"line":30,"column":null}},"15":{"start":{"line":33,"column":2},"end":{"line":52,"column":null}},"16":{"start":{"line":39,"column":34},"end":{"line":39,"column":52}},"17":{"start":{"line":55,"column":0},"end":{"line":55,"column":null}}},"fnMap":{"0":{"name":"ItemGrid","decl":{"start":{"line":14,"column":9},"end":{"line":14,"column":17}},"loc":{"start":{"line":14,"column":62},"end":{"line":53,"column":1}}},"1":{"name":"(anonymous_1)","decl":{"start":{"line":16,"column":33},"end":{"line":16,"column":34}},"loc":{"start":{"line":16,"column":55},"end":{"line":16,"column":78}}},"2":{"name":"(anonymous_2)","decl":{"start":{"line":17,"column":35},"end":{"line":17,"column":36}},"loc":{"start":{"line":17,"column":57},"end":{"line":17,"column":82}}},"3":{"name":"(anonymous_3)","decl":{"start":{"line":22,"column":19},"end":{"line":22,"column":22}},"loc":{"start":{"line":22,"column":24},"end":{"line":24,"column":3}}},"4":{"name":"(anonymous_4)","decl":{"start":{"line":23,"column":20},"end":{"line":23,"column":21}},"loc":{"start":{"line":23,"column":42},"end":{"line":23,"column":62}}},"5":{"name":"(anonymous_5)","decl":{"start":{"line":29,"column":12},"end":{"line":29,"column":15}},"loc":{"start":{"line":29,"column":17},"end":{"line":31,"column":3}}},"6":{"name":"(anonymous_6)","decl":{"start":{"line":39,"column":17},"end":{"line":39,"column":18}},"loc":{"start":{"line":39,"column":34},"end":{"line":39,"column":52}}}},"branchMap":{"0":{"loc":{"start":{"line":36,"column":9},"end":{"line":41,"column":null}},"type":"cond-expr","locations":[{"start":{"line":37,"column":10},"end":{"line":39,"column":101}},{"start":{"line":41,"column":10},"end":{"line":41,"column":120}}]},"1":{"loc":{"start":{"line":36,"column":9},"end":{"line":36,"column":35}},"type":"binary-expr","locations":[{"start":{"line":36,"column":9},"end":{"line":36,"column":14}},{"start":{"line":36,"column":18},"end":{"line":36,"column":35}}]},"2":{"loc":{"start":{"line":36,"column":18},"end":{"line":36,"column":31}},"type":"cond-expr","locations":[{"start":{"line":36,"column":23},"end":{"line":36,"column":25}},{"start":{"line":36,"column":18},"end":{"line":36,"column":31}}]},"3":{"loc":{"start":{"line":36,"column":18},"end":{"line":36,"column":25}},"type":"binary-expr","locations":[{"start":{"line":36,"column":18},"end":{"line":36,"column":25}},{"start":{"line":36,"column":18},"end":{"line":36,"column":25}}]},"4":{"loc":{"start":{"line":44,"column":7},"end":{"line":49,"column":null}},"type":"binary-expr","locations":[{"start":{"line":44,"column":7},"end":{"line":44,"column":12}},{"start":{"line":44,"column":16},"end":{"line":44,"column":32}},{"start":{"line":45,"column":8},"end":{"line":48,"column":null}}]}},"s":{"0":1,"1":1,"2":1,"3":1,"4":1,"5":3,"6":3,"7":4,"8":3,"9":4,"10":3,"11":1,"12":1,"13":3,"14":1,"15":3,"16":18,"17":1},"f":{"0":3,"1":4,"2":4,"3":1,"4":1,"5":1,"6":18},"b":{"0":[3,0],"1":[3,3],"2":[0,3],"3":[3,3],"4":[3,3,3]}}
,"/Users/baophung/Documents/projects/wego/wego/src/features/Search/components/index.tsx": {"path":"/Users/baophung/Documents/projects/wego/wego/src/features/Search/components/index.tsx","statementMap":{"0":{"start":{"line":1,"column":0},"end":{"line":1,"column":61}},"1":{"start":{"line":2,"column":0},"end":{"line":2,"column":22}},"2":{"start":{"line":10,"column":38},"end":{"line":34,"column":1}},"3":{"start":{"line":11,"column":40},"end":{"line":11,"column":60}},"4":{"start":{"line":13,"column":29},"end":{"line":17,"column":3}},"5":{"start":{"line":14,"column":18},"end":{"line":14,"column":36}},"6":{"start":{"line":15,"column":4},"end":{"line":15,"column":null}},"7":{"start":{"line":16,"column":4},"end":{"line":16,"column":null}},"8":{"start":{"line":19,"column":2},"end":{"line":22,"column":null}},"9":{"start":{"line":20,"column":4},"end":{"line":20,"column":null}},"10":{"start":{"line":24,"column":2},"end":{"line":33,"column":null}},"11":{"start":{"line":36,"column":0},"end":{"line":36,"column":null}}},"fnMap":{"0":{"name":"(anonymous_0)","decl":{"start":{"line":10,"column":38},"end":{"line":10,"column":39}},"loc":{"start":{"line":10,"column":81},"end":{"line":34,"column":1}}},"1":{"name":"(anonymous_1)","decl":{"start":{"line":13,"column":29},"end":{"line":13,"column":30}},"loc":{"start":{"line":13,"column":76},"end":{"line":17,"column":3}}},"2":{"name":"(anonymous_2)","decl":{"start":{"line":19,"column":12},"end":{"line":19,"column":15}},"loc":{"start":{"line":19,"column":17},"end":{"line":22,"column":3}}}},"branchMap":{"0":{"loc":{"start":{"line":26,"column":7},"end":{"line":29,"column":null}},"type":"cond-expr","locations":[{"start":{"line":27,"column":8},"end":{"line":27,"column":54}},{"start":{"line":29,"column":8},"end":{"line":29,"column":52}}]},"1":{"loc":{"start":{"line":29,"column":8},"end":{"line":29,"column":52}},"type":"binary-expr","locations":[{"start":{"line":29,"column":8},"end":{"line":29,"column":12}},{"start":{"line":29,"column":16},"end":{"line":29,"column":52}}]}},"s":{"0":1,"1":1,"2":1,"3":2,"4":2,"5":1,"6":1,"7":1,"8":2,"9":2,"10":2,"11":1},"f":{"0":2,"1":1,"2":2},"b":{"0":[2,0],"1":[0,0]}}
,"/Users/baophung/Documents/projects/wego/wego/src/hooks/useNormalizedRating.ts": {"path":"/Users/baophung/Documents/projects/wego/wego/src/hooks/useNormalizedRating.ts","statementMap":{"0":{"start":{"line":2,"column":27},"end":{"line":2,"column":85}},"1":{"start":{"line":3,"column":2},"end":{"line":3,"column":null}},"2":{"start":{"line":6,"column":0},"end":{"line":6,"column":null}}},"fnMap":{"0":{"name":"useNormalizedRating","decl":{"start":{"line":1,"column":9},"end":{"line":1,"column":28}},"loc":{"start":{"line":1,"column":46},"end":{"line":4,"column":1}}}},"branchMap":{"0":{"loc":{"start":{"line":1,"column":29},"end":{"line":1,"column":46}},"type":"default-arg","locations":[{"start":{"line":1,"column":45},"end":{"line":1,"column":46}}]}},"s":{"0":17,"1":17,"2":2},"f":{"0":17},"b":{"0":[0]}}
,"/Users/baophung/Documents/projects/wego/wego/src/stores/index.ts": {"path":"/Users/baophung/Documents/projects/wego/wego/src/stores/index.ts","statementMap":{"0":{"start":{"line":2,"column":0},"end":{"line":2,"column":49}},"1":{"start":{"line":3,"column":0},"end":{"line":3,"column":41}},"2":{"start":{"line":5,"column":14},"end":{"line":9,"column":2}},"3":{"start":{"line":14,"column":0},"end":{"line":14,"column":null}}},"fnMap":{},"branchMap":{},"s":{"0":2,"1":2,"2":2,"3":2},"f":{},"b":{}}
,"/Users/baophung/Documents/projects/wego/wego/src/stores/searchSlice.ts": {"path":"/Users/baophung/Documents/projects/wego/wego/src/stores/searchSlice.ts","statementMap":{"0":{"start":{"line":1,"column":0},"end":{"line":1,"column":46}},"1":{"start":{"line":3,"column":20},"end":{"line":17,"column":2}},"2":{"start":{"line":11,"column":6},"end":{"line":11,"column":null}},"3":{"start":{"line":14,"column":6},"end":{"line":14,"column":null}},"4":{"start":{"line":19,"column":13},"end":{"line":19,"column":50}},"5":{"start":{"line":20,"column":0},"end":{"line":20,"column":null}}},"fnMap":{"0":{"name":"(anonymous_0)","decl":{"start":{"line":10,"column":19},"end":{"line":10,"column":20}},"loc":{"start":{"line":10,"column":37},"end":{"line":12,"column":5}}},"1":{"name":"(anonymous_1)","decl":{"start":{"line":13,"column":21},"end":{"line":13,"column":22}},"loc":{"start":{"line":13,"column":39},"end":{"line":15,"column":5}}}},"branchMap":{},"s":{"0":2,"1":2,"2":0,"3":1,"4":2,"5":2},"f":{"0":0,"1":1},"b":{}}
}
