TN:
SF:src/assets/images/food/present.png
FNF:0
FNH:0
DA:1,2
LF:1
LH:1
BRF:0
BRH:0
end_of_record
TN:
SF:src/assets/images/food/star.png
FNF:0
FNH:0
DA:1,2
LF:1
LH:1
BRF:0
BRH:0
end_of_record
TN:
SF:src/components/Button/index.tsx
FN:15,(anonymous_0)
FNF:1
FNH:1
FNDA:60,(anonymous_0)
DA:15,3
DA:26,60
DA:37,60
DA:49,3
LF:4
LH:4
BRDA:16,0,0,60
BRDA:17,1,0,60
BRDA:18,2,0,20
BRDA:39,3,0,0
BRDA:39,3,1,60
BRDA:42,4,0,60
BRDA:42,4,1,0
BRF:7
BRH:5
end_of_record
TN:
SF:src/components/CardItem/Card.tsx
FN:12,(anonymous_0)
FNF:1
FNH:1
FNDA:17,(anonymous_0)
DA:2,2
DA:12,2
DA:18,17
DA:22,17
DA:29,2
LF:5
LH:5
BRDA:14,0,0,17
BRDA:16,1,0,17
BRF:2
BRH:2
end_of_record
TN:
SF:src/components/CardItem/CardButton.tsx
FN:11,(anonymous_0)
FNF:1
FNH:1
FNDA:17,(anonymous_0)
DA:2,2
DA:11,2
DA:16,17
DA:20,17
DA:27,2
LF:5
LH:5
BRDA:12,0,0,17
BRDA:14,1,0,17
BRF:2
BRH:2
end_of_record
TN:
SF:src/components/CardItem/CardContent.tsx
FN:11,(anonymous_0)
FNF:1
FNH:1
FNDA:17,(anonymous_0)
DA:2,2
DA:11,2
DA:16,17
DA:20,17
DA:27,2
LF:5
LH:5
BRDA:12,0,0,17
BRDA:14,1,0,17
BRF:2
BRH:2
end_of_record
TN:
SF:src/components/CardItem/CardPromotion.tsx
FN:11,(anonymous_0)
FNF:1
FNH:1
FNDA:17,(anonymous_0)
DA:2,2
DA:11,2
DA:16,17
DA:20,17
DA:27,2
LF:5
LH:5
BRDA:12,0,0,0
BRDA:14,1,0,17
BRF:2
BRH:1
end_of_record
TN:
SF:src/components/CardItem/CardText.tsx
FN:11,(anonymous_0)
FNF:1
FNH:1
FNDA:17,(anonymous_0)
DA:2,2
DA:11,2
DA:12,17
DA:16,17
DA:23,2
LF:5
LH:5
BRDA:11,0,0,17
BRDA:11,1,0,17
BRF:2
BRH:2
end_of_record
TN:
SF:src/components/CardItem/CardTitle.tsx
FN:11,(anonymous_0)
FNF:1
FNH:1
FNDA:17,(anonymous_0)
DA:2,2
DA:11,2
DA:16,17
DA:21,17
DA:28,2
LF:5
LH:5
BRDA:12,0,0,17
BRDA:14,1,0,17
BRF:2
BRH:2
end_of_record
TN:
SF:src/components/Image/index.tsx
FN:15,(anonymous_0)
FN:19,(anonymous_1)
FN:23,(anonymous_2)
FN:28,(anonymous_3)
FN:32,(anonymous_4)
FN:39,(anonymous_5)
FNF:6
FNH:3
FNDA:23,(anonymous_0)
FNDA:15,(anonymous_1)
FNDA:0,(anonymous_2)
FNDA:0,(anonymous_3)
FNDA:15,(anonymous_4)
FNDA:0,(anonymous_5)
DA:1,2
DA:2,2
DA:15,2
DA:16,23
DA:17,23
DA:19,23
DA:20,15
DA:21,15
DA:23,15
DA:24,0
DA:25,0
DA:28,15
DA:29,0
DA:32,15
DA:34,15
DA:35,15
DA:39,23
DA:40,0
DA:43,23
DA:52,23
DA:63,2
LF:21
LH:17
BRDA:44,0,0,23
BRDA:44,0,1,23
BRDA:45,1,0,23
BRDA:45,1,1,23
BRDA:46,2,0,23
BRDA:46,2,1,23
BRDA:47,3,0,23
BRDA:47,3,1,23
BRDA:48,4,0,23
BRDA:48,4,1,23
BRDA:54,5,0,23
BRDA:54,5,1,0
BRF:12
BRH:11
end_of_record
TN:
SF:src/components/Notfound/index.tsx
FN:10,(anonymous_0)
FNF:1
FNH:0
FNDA:0,(anonymous_0)
DA:2,1
DA:10,1
DA:11,0
DA:19,1
LF:4
LH:3
BRF:0
BRH:0
end_of_record
TN:
SF:src/features/Filter/components/index.tsx
FN:14,(anonymous_0)
FN:16,(anonymous_1)
FN:30,(anonymous_2)
FN:35,(anonymous_3)
FN:39,(anonymous_4)
FNF:5
FNH:5
FNDA:5,(anonymous_0)
FNDA:2,(anonymous_1)
FNDA:1,(anonymous_2)
FNDA:15,(anonymous_3)
FNDA:1,(anonymous_4)
DA:1,1
DA:2,1
DA:4,1
DA:6,1
DA:14,1
DA:15,5
DA:16,5
DA:17,2
DA:18,1
DA:19,1
DA:21,1
DA:25,5
DA:30,1
DA:36,15
DA:39,1
DA:50,1
LF:16
LH:16
BRDA:17,0,0,1
BRDA:17,0,1,1
BRDA:18,1,0,0
BRDA:18,1,1,1
BRDA:18,2,0,1
BRDA:18,2,1,1
BRDA:19,3,0,0
BRDA:19,3,1,1
BRDA:19,4,0,1
BRDA:19,4,1,1
BRDA:29,5,0,5
BRDA:29,5,1,0
BRDA:35,6,0,0
BRDA:35,6,1,5
BRDA:35,7,0,5
BRDA:35,7,1,5
BRDA:38,8,0,0
BRDA:38,8,1,15
BRF:18
BRH:13
end_of_record
TN:
SF:src/features/ListFood/Item/index.tsx
FN:19,(anonymous_0)
FN:20,(anonymous_1)
FN:33,(anonymous_2)
FNF:3
FNH:3
FNDA:17,(anonymous_0)
FNDA:17,(anonymous_1)
FNDA:17,(anonymous_2)
DA:1,2
DA:2,2
DA:4,2
DA:5,2
DA:6,2
DA:7,2
DA:8,2
DA:9,2
DA:10,2
DA:11,2
DA:12,2
DA:19,2
DA:20,17
DA:21,17
DA:23,6
DA:25,1
DA:27,5
DA:29,5
DA:33,17
DA:34,17
DA:36,6
DA:38,1
DA:40,5
DA:42,5
DA:46,17
DA:71,2
LF:26
LH:26
BRDA:21,0,0,6
BRDA:21,0,1,1
BRDA:21,0,2,5
BRDA:21,0,3,5
BRDA:34,1,0,6
BRDA:34,1,1,1
BRDA:34,1,2,5
BRDA:34,1,3,5
BRDA:60,2,0,6
BRDA:60,2,1,11
BRF:10
BRH:10
end_of_record
TN:
SF:src/features/ListFood/ItemsGrid/index.tsx
FN:14,ItemGrid
FN:16,(anonymous_1)
FN:17,(anonymous_2)
FN:22,(anonymous_3)
FN:23,(anonymous_4)
FN:29,(anonymous_5)
FN:39,(anonymous_6)
FNF:7
FNH:7
FNDA:3,ItemGrid
FNDA:4,(anonymous_1)
FNDA:4,(anonymous_2)
FNDA:1,(anonymous_3)
FNDA:1,(anonymous_4)
FNDA:1,(anonymous_5)
FNDA:18,(anonymous_6)
DA:1,1
DA:2,1
DA:3,1
DA:5,1
DA:6,1
DA:15,3
DA:16,4
DA:17,4
DA:22,3
DA:23,1
DA:29,3
DA:30,1
DA:33,3
DA:39,18
DA:55,1
LF:15
LH:15
BRDA:36,0,0,3
BRDA:36,0,1,0
BRDA:36,1,0,3
BRDA:36,1,1,3
BRDA:36,2,0,0
BRDA:36,2,1,3
BRDA:36,3,0,3
BRDA:36,3,1,3
BRDA:44,4,0,3
BRDA:44,4,1,3
BRDA:44,4,2,3
BRF:11
BRH:9
end_of_record
TN:
SF:src/features/Search/components/index.tsx
FN:10,(anonymous_0)
FN:13,(anonymous_1)
FN:19,(anonymous_2)
FNF:3
FNH:3
FNDA:2,(anonymous_0)
FNDA:1,(anonymous_1)
FNDA:2,(anonymous_2)
DA:1,1
DA:2,1
DA:10,1
DA:11,2
DA:13,2
DA:14,1
DA:15,1
DA:16,1
DA:19,2
DA:20,2
DA:24,2
DA:36,1
LF:12
LH:12
BRDA:26,0,0,2
BRDA:26,0,1,0
BRDA:29,1,0,0
BRDA:29,1,1,0
BRF:4
BRH:1
end_of_record
TN:
SF:src/hooks/useNormalizedRating.ts
FN:1,useNormalizedRating
FNF:1
FNH:1
FNDA:17,useNormalizedRating
DA:2,17
DA:3,17
DA:6,2
LF:3
LH:3
BRDA:1,0,0,0
BRF:1
BRH:0
end_of_record
TN:
SF:src/stores/index.ts
FNF:0
FNH:0
DA:2,2
DA:3,2
DA:5,2
DA:14,2
LF:4
LH:4
BRF:0
BRH:0
end_of_record
TN:
SF:src/stores/searchSlice.ts
FN:10,(anonymous_0)
FN:13,(anonymous_1)
FNF:2
FNH:1
FNDA:0,(anonymous_0)
FNDA:1,(anonymous_1)
DA:1,2
DA:3,2
DA:11,0
DA:14,1
DA:19,2
DA:20,2
LF:6
LH:5
BRF:0
BRH:0
end_of_record
